G:\RECOVER\2014.3-2014.6\MFCTEST\STUDENTSYSTEM - 副本 (2)\STUDENTSYSTEM\DEBUG\STUDENTSYSTEM.PCH
G:\RECOVER\2014.3-2014.6\MFCTEST\STUDENTSYSTEM - 副本 (2)\STUDENTSYSTEM\DEBUG\STDAFX.OBJ
G:\RECOVER\2014.3-2014.6\MFCTEST\STUDENTSYSTEM - 副本 (2)\STUDENTSYSTEM\DEBUG\VC110.PDB
G:\RECOVER\2014.3-2014.6\MFCTEST\STUDENTSYSTEM - 副本 (2)\STUDENTSYSTEM\DEBUG\ADODC1.OBJ
G:\RECOVER\2014.3-2014.6\MFCTEST\STUDENTSYSTEM - 副本 (2)\STUDENTSYSTEM\DEBUG\CCOLUMN.OBJ
G:\RECOVER\2014.3-2014.6\MFCTEST\STUDENTSYSTEM - 副本 (2)\STUDENTSYSTEM\DEBUG\CCOLUMNS0.OBJ
G:\RECOVER\2014.3-2014.6\MFCTEST\STUDENTSYSTEM - 副本 (2)\STUDENTSYSTEM\DEBUG\CHADLG.OBJ
G:\RECOVER\2014.3-2014.6\MFCTEST\STUDENTSYSTEM - 副本 (2)\STUDENTSYSTEM\DEBUG\DATAGRID1.OBJ
G:\RECOVER\2014.3-2014.6\MFCTEST\STUDENTSYSTEM - 副本 (2)\STUDENTSYSTEM\DEBUG\DENGLU.OBJ
G:\RECOVER\2014.3-2014.6\MFCTEST\STUDENTSYSTEM - 副本 (2)\STUDENTSYSTEM\DEBUG\INSERTDATA.OBJ
G:\RECOVER\2014.3-2014.6\MFCTEST\STUDENTSYSTEM - 副本 (2)\STUDENTSYSTEM\DEBUG\MAINDLG.OBJ
G:\RECOVER\2014.3-2014.6\MFCTEST\STUDENTSYSTEM - 副本 (2)\STUDENTSYSTEM\DEBUG\STUDENTSYSTEM.OBJ
G:\RECOVER\2014.3-2014.6\MFCTEST\STUDENTSYSTEM - 副本 (2)\STUDENTSYSTEM\DEBUG\STUDENTSYSTEMDLG.OBJ
G:\RECOVER\2014.3-2014.6\MFCTEST\STUDENTSYSTEM - 副本 (2)\STUDENTSYSTEM\DEBUG\UPDATE.OBJ
G:\RECOVER\2014.3-2014.6\MFCTEST\STUDENTSYSTEM - 副本 (3) - 副本\STUDENTSYSTEM\DEBUG\STUDENTSYSTEM.PCH
G:\RECOVER\2014.3-2014.6\MFCTEST\STUDENTSYSTEM - 副本 (3) - 副本\STUDENTSYSTEM\DEBUG\STDAFX.OBJ
G:\RECOVER\2014.3-2014.6\MFCTEST\STUDENTSYSTEM - 副本 (3) - 副本\STUDENTSYSTEM\DEBUG\VC110.PDB
G:\RECOVER\2014.3-2014.6\MFCTEST\STUDENTSYSTEM - 副本 (3) - 副本\STUDENTSYSTEM\DEBUG\ADODC1.OBJ
G:\RECOVER\2014.3-2014.6\MFCTEST\STUDENTSYSTEM - 副本 (3) - 副本\STUDENTSYSTEM\DEBUG\CCOLUMN.OBJ
G:\RECOVER\2014.3-2014.6\MFCTEST\STUDENTSYSTEM - 副本 (3) - 副本\STUDENTSYSTEM\DEBUG\CCOLUMNS0.OBJ
G:\RECOVER\2014.3-2014.6\MFCTEST\STUDENTSYSTEM - 副本 (3) - 副本\STUDENTSYSTEM\DEBUG\CHADLG.OBJ
G:\RECOVER\2014.3-2014.6\MFCTEST\STUDENTSYSTEM - 副本 (3) - 副本\STUDENTSYSTEM\DEBUG\DATAGRID1.OBJ
G:\RECOVER\2014.3-2014.6\MFCTEST\STUDENTSYSTEM - 副本 (3) - 副本\STUDENTSYSTEM\DEBUG\DENGLU.OBJ
G:\RECOVER\2014.3-2014.6\MFCTEST\STUDENTSYSTEM - 副本 (3) - 副本\STUDENTSYSTEM\DEBUG\INSERTDATA.OBJ
G:\RECOVER\2014.3-2014.6\MFCTEST\STUDENTSYSTEM - 副本 (3) - 副本\STUDENTSYSTEM\DEBUG\MAINDLG.OBJ
G:\RECOVER\2014.3-2014.6\MFCTEST\STUDENTSYSTEM - 副本 (3) - 副本\STUDENTSYSTEM\DEBUG\STUDENTSYSTEM.OBJ
G:\RECOVER\2014.3-2014.6\MFCTEST\STUDENTSYSTEM - 副本 (3) - 副本\STUDENTSYSTEM\DEBUG\STUDENTSYSTEMDLG.OBJ
G:\RECOVER\2014.3-2014.6\MFCTEST\STUDENTSYSTEM - 副本 (3) - 副本\STUDENTSYSTEM\DEBUG\UPDATE.OBJ
G:\RECOVER\2014.3-2014.6\MFCTEST\STUDENTSYSTEM - 副本 (2)\DEBUG\STUDENTSYSTEM.ILK
G:\RECOVER\2014.3-2014.6\MFCTEST\STUDENTSYSTEM - 副本 (2)\DEBUG\STUDENTSYSTEM.EXE
G:\RECOVER\2014.3-2014.6\MFCTEST\STUDENTSYSTEM - 副本 (2)\DEBUG\STUDENTSYSTEM.PDB
G:\RECOVER\2014.3-2014.6\MFCTEST\STUDENTSYSTEM - 副本 (3) - 副本\DEBUG\STUDENTSYSTEM.ILK
G:\RECOVER\2014.3-2014.6\MFCTEST\STUDENTSYSTEM - 副本 (3) - 副本\DEBUG\STUDENTSYSTEM.EXE
G:\RECOVER\2014.3-2014.6\MFCTEST\STUDENTSYSTEM - 副本 (3) - 副本\DEBUG\STUDENTSYSTEM.PDB
G:\RECOVER\2014.3-2014.6\MFCTEST\STUDENTSYSTEM - 副本 (2)\STUDENTSYSTEM\DEBUG\STUDENTSYSTEM.RES
G:\RECOVER\2014.3-2014.6\MFCTEST\STUDENTSYSTEM - 副本 (3) - 副本\STUDENTSYSTEM\DEBUG\STUDENTSYSTEM.RES
G:\recover\2014.3-2014.6\mfctest\studentsystem - 副本 (3) - 副本\studentsystem\Debug\adodc1.obj
G:\recover\2014.3-2014.6\mfctest\studentsystem - 副本 (3) - 副本\studentsystem\Debug\CColumn.obj
G:\recover\2014.3-2014.6\mfctest\studentsystem - 副本 (3) - 副本\studentsystem\Debug\CColumns0.obj
G:\recover\2014.3-2014.6\mfctest\studentsystem - 副本 (3) - 副本\studentsystem\Debug\chaDlg.obj
G:\recover\2014.3-2014.6\mfctest\studentsystem - 副本 (3) - 副本\studentsystem\Debug\datagrid1.obj
G:\recover\2014.3-2014.6\mfctest\studentsystem - 副本 (3) - 副本\studentsystem\Debug\denglu.obj
G:\recover\2014.3-2014.6\mfctest\studentsystem - 副本 (3) - 副本\studentsystem\Debug\insertdata.obj
G:\recover\2014.3-2014.6\mfctest\studentsystem - 副本 (3) - 副本\studentsystem\Debug\MainDlg.obj
G:\recover\2014.3-2014.6\mfctest\studentsystem - 副本 (3) - 副本\studentsystem\Debug\stdafx.obj
G:\recover\2014.3-2014.6\mfctest\studentsystem - 副本 (3) - 副本\studentsystem\Debug\studentsystem.obj
G:\recover\2014.3-2014.6\mfctest\studentsystem - 副本 (3) - 副本\studentsystem\Debug\studentsystemDlg.obj
G:\recover\2014.3-2014.6\mfctest\studentsystem - 副本 (3) - 副本\studentsystem\Debug\msado15.tli
G:\recover\2014.3-2014.6\mfctest\studentsystem - 副本 (3) - 副本\studentsystem\Debug\msado15.tlh
G:\recover\2014.3-2014.6\mfctest\studentsystem - 副本 (3) - 副本\studentsystem\Debug\cl.command.1.tlog
G:\recover\2014.3-2014.6\mfctest\studentsystem - 副本 (3) - 副本\studentsystem\Debug\CL.read.1.tlog
G:\recover\2014.3-2014.6\mfctest\studentsystem - 副本 (3) - 副本\studentsystem\Debug\CL.write.1.tlog
G:\recover\2014.3-2014.6\mfctest\studentsystem - 副本 (3) - 副本\studentsystem\Debug\link-cvtres.read.1.tlog
G:\recover\2014.3-2014.6\mfctest\studentsystem - 副本 (3) - 副本\studentsystem\Debug\link-cvtres.write.1.tlog
G:\recover\2014.3-2014.6\mfctest\studentsystem - 副本 (3) - 副本\studentsystem\Debug\link-mt.read.1.tlog
G:\recover\2014.3-2014.6\mfctest\studentsystem - 副本 (3) - 副本\studentsystem\Debug\link-mt.write.1.tlog
G:\recover\2014.3-2014.6\mfctest\studentsystem - 副本 (3) - 副本\studentsystem\Debug\link-rc.read.1.tlog
G:\recover\2014.3-2014.6\mfctest\studentsystem - 副本 (3) - 副本\studentsystem\Debug\link-rc.write.1.tlog
G:\recover\2014.3-2014.6\mfctest\studentsystem - 副本 (3) - 副本\studentsystem\Debug\link.2080-cvtres.read.1.tlog
G:\recover\2014.3-2014.6\mfctest\studentsystem - 副本 (3) - 副本\studentsystem\Debug\link.2080-cvtres.write.1.tlog
G:\recover\2014.3-2014.6\mfctest\studentsystem - 副本 (3) - 副本\studentsystem\Debug\link.2080-mt.read.1.tlog
G:\recover\2014.3-2014.6\mfctest\studentsystem - 副本 (3) - 副本\studentsystem\Debug\link.2080-mt.write.1.tlog
G:\recover\2014.3-2014.6\mfctest\studentsystem - 副本 (3) - 副本\studentsystem\Debug\link.2080-rc.read.1.tlog
G:\recover\2014.3-2014.6\mfctest\studentsystem - 副本 (3) - 副本\studentsystem\Debug\link.2080-rc.write.1.tlog
G:\recover\2014.3-2014.6\mfctest\studentsystem - 副本 (3) - 副本\studentsystem\Debug\link.2080.read.1.tlog
G:\recover\2014.3-2014.6\mfctest\studentsystem - 副本 (3) - 副本\studentsystem\Debug\link.2080.write.1.tlog
G:\recover\2014.3-2014.6\mfctest\studentsystem - 副本 (3) - 副本\studentsystem\Debug\link.command.1.tlog
G:\recover\2014.3-2014.6\mfctest\studentsystem - 副本 (3) - 副本\studentsystem\Debug\link.read.1.tlog
G:\recover\2014.3-2014.6\mfctest\studentsystem - 副本 (3) - 副本\studentsystem\Debug\link.write.1.tlog
G:\recover\2014.3-2014.6\mfctest\studentsystem - 副本 (3) - 副本\studentsystem\Debug\rc.command.1.tlog
G:\recover\2014.3-2014.6\mfctest\studentsystem - 副本 (3) - 副本\studentsystem\Debug\rc.read.1.tlog
G:\recover\2014.3-2014.6\mfctest\studentsystem - 副本 (3) - 副本\studentsystem\Debug\rc.write.1.tlog
G:\recover\2014.3-2014.6\mfctest\studentsystem - 副本 (3) - 副本\studentsystem\Debug\studentsystem.res
G:\recover\2014.3-2014.6\mfctest\studentsystem - 副本 (3) - 副本\studentsystem\Debug\studentsystem.pch
G:\recover\2014.3-2014.6\mfctest\studentsystem - 副本 (3) - 副本\studentsystem\Debug\vc110.idb
G:\recover\2014.3-2014.6\mfctest\studentsystem - 副本 (3) - 副本\studentsystem\Debug\vc110.pdb
G:\recover\2014.3-2014.6\mfctest\studentsystem - 副本 (3) - 副本\Debug\studentsystem.pdb
G:\recover\2014.3-2014.6\mfctest\studentsystem - 副本 (3) - 副本\Debug\studentsystem.exe
G:\recover\2014.3-2014.6\mfctest\studentsystem - 副本 (3) - 副本\Debug\studentsystem.ilk
